[2023-11-25T03:55:00.581+0000] {taskinstance.py:1159} INFO - Dependencies all met for dep_context=non-requeueable deps ti=<TaskInstance: outcomes_dag.extract scheduled__2023-11-24T00:00:00+00:00 [queued]>
[2023-11-25T03:55:00.595+0000] {taskinstance.py:1159} INFO - Dependencies all met for dep_context=requeueable deps ti=<TaskInstance: outcomes_dag.extract scheduled__2023-11-24T00:00:00+00:00 [queued]>
[2023-11-25T03:55:00.596+0000] {taskinstance.py:1361} INFO - Starting attempt 1 of 1
[2023-11-25T03:55:00.605+0000] {taskinstance.py:1382} INFO - Executing <Task(BashOperator): extract> on 2023-11-24 00:00:00+00:00
[2023-11-25T03:55:00.609+0000] {standard_task_runner.py:57} INFO - Started process 101 to run task
[2023-11-25T03:55:00.612+0000] {standard_task_runner.py:84} INFO - Running: ['***', 'tasks', 'run', 'outcomes_dag', 'extract', 'scheduled__2023-11-24T00:00:00+00:00', '--job-id', '13', '--raw', '--subdir', 'DAGS_FOLDER/outcomes_dag.py', '--cfg-path', '/tmp/tmpzkbv0n5z']
[2023-11-25T03:55:00.615+0000] {standard_task_runner.py:85} INFO - Job 13: Subtask extract
[2023-11-25T03:55:00.662+0000] {task_command.py:416} INFO - Running <TaskInstance: outcomes_dag.extract scheduled__2023-11-24T00:00:00+00:00 [running]> on host 1ccd1734fa5f
[2023-11-25T03:55:00.716+0000] {taskinstance.py:1662} INFO - Exporting env vars: AIRFLOW_CTX_DAG_OWNER='***' AIRFLOW_CTX_DAG_ID='outcomes_dag' AIRFLOW_CTX_TASK_ID='extract' AIRFLOW_CTX_EXECUTION_DATE='2023-11-24T00:00:00+00:00' AIRFLOW_CTX_TRY_NUMBER='1' AIRFLOW_CTX_DAG_RUN_ID='scheduled__2023-11-24T00:00:00+00:00'
[2023-11-25T03:55:00.717+0000] {subprocess.py:63} INFO - Tmp dir root location: /tmp
[2023-11-25T03:55:00.718+0000] {subprocess.py:75} INFO - Running command: ['/bin/bash', '-c', 'curl --create-dirs -o /opt/***/data/2023-11-24/downloads/outcomes_2023-11-24.csv https://data.austintexas.gov/api/views/9t4d-g238/rows.csv?date=20231118&accessType=DOWNLOAD']
[2023-11-25T03:55:00.730+0000] {subprocess.py:86} INFO - Output:
[2023-11-25T03:55:00.734+0000] {subprocess.py:93} INFO -   % Total    % Received % Xferd  Average Speed   Time    Time     Time  Current
[2023-11-25T03:55:00.735+0000] {subprocess.py:93} INFO -                                  Dload  Upload   Total   Spent    Left  Speed
[2023-11-25T03:55:07.033+0000] {subprocess.py:93} INFO -   0     0    0     0    0     0      0      0 --:--:-- --:--:-- --:--:--     0  0     0    0     0    0     0      0      0 --:--:-- --:--:-- --:--:--     0  0     0    0     0    0     0      0      0 --:--:--  0:00:01 --:--:--     0100 3486k    0 3486k    0     0  1610k      0 --:--:--  0:00:02 --:--:-- 1609k100 6894k    0 6894k    0     0  2184k      0 --:--:--  0:00:03 --:--:-- 2183k100 10.8M    0 10.8M    0     0  2675k      0 --:--:--  0:00:04 --:--:-- 2675k100 14.6M    0 14.6M    0     0  2900k      0 --:--:--  0:00:05 --:--:-- 3004k100 18.4M    0 18.4M    0     0  3058k      0 --:--:--  0:00:06 --:--:-- 3815k100 19.0M    0 19.0M    0     0  3096k      0 --:--:--  0:00:06 --:--:-- 3876k
[2023-11-25T03:55:07.042+0000] {subprocess.py:97} INFO - Command exited with return code 0
[2023-11-25T03:55:07.171+0000] {taskinstance.py:1400} INFO - Marking task as SUCCESS. dag_id=outcomes_dag, task_id=extract, execution_date=20231124T000000, start_date=20231125T035500, end_date=20231125T035507
[2023-11-25T03:55:07.223+0000] {local_task_job_runner.py:228} INFO - Task exited with return code 0
[2023-11-25T03:55:07.262+0000] {taskinstance.py:2778} INFO - 0 downstream tasks scheduled from follow-on schedule check
[2023-11-25T03:57:14.295+0000] {taskinstance.py:1159} INFO - Dependencies all met for dep_context=non-requeueable deps ti=<TaskInstance: outcomes_dag.extract scheduled__2023-11-24T00:00:00+00:00 [queued]>
[2023-11-25T03:57:14.304+0000] {taskinstance.py:1159} INFO - Dependencies all met for dep_context=requeueable deps ti=<TaskInstance: outcomes_dag.extract scheduled__2023-11-24T00:00:00+00:00 [queued]>
[2023-11-25T03:57:14.304+0000] {taskinstance.py:1361} INFO - Starting attempt 1 of 1
[2023-11-25T03:57:14.315+0000] {taskinstance.py:1382} INFO - Executing <Task(BashOperator): extract> on 2023-11-24 00:00:00+00:00
[2023-11-25T03:57:14.325+0000] {standard_task_runner.py:57} INFO - Started process 65 to run task
[2023-11-25T03:57:14.334+0000] {standard_task_runner.py:84} INFO - Running: ['***', 'tasks', 'run', 'outcomes_dag', 'extract', 'scheduled__2023-11-24T00:00:00+00:00', '--job-id', '6', '--raw', '--subdir', 'DAGS_FOLDER/outcomes_dag.py', '--cfg-path', '/tmp/tmpa0meacyp']
[2023-11-25T03:57:14.340+0000] {standard_task_runner.py:85} INFO - Job 6: Subtask extract
[2023-11-25T03:57:14.407+0000] {task_command.py:416} INFO - Running <TaskInstance: outcomes_dag.extract scheduled__2023-11-24T00:00:00+00:00 [running]> on host 249ddc905274
[2023-11-25T03:57:14.480+0000] {taskinstance.py:1662} INFO - Exporting env vars: AIRFLOW_CTX_DAG_OWNER='***' AIRFLOW_CTX_DAG_ID='outcomes_dag' AIRFLOW_CTX_TASK_ID='extract' AIRFLOW_CTX_EXECUTION_DATE='2023-11-24T00:00:00+00:00' AIRFLOW_CTX_TRY_NUMBER='1' AIRFLOW_CTX_DAG_RUN_ID='scheduled__2023-11-24T00:00:00+00:00'
[2023-11-25T03:57:14.481+0000] {subprocess.py:63} INFO - Tmp dir root location: /tmp
[2023-11-25T03:57:14.482+0000] {subprocess.py:75} INFO - Running command: ['/bin/bash', '-c', 'curl --create-dirs -o /opt/***/data/2023-11-24/downloads/outcomes_2023-11-24.csv https://data.austintexas.gov/api/views/9t4d-g238/rows.csv?date=20231118&accessType=DOWNLOAD']
[2023-11-25T03:57:14.489+0000] {subprocess.py:86} INFO - Output:
[2023-11-25T03:57:14.496+0000] {subprocess.py:93} INFO -   % Total    % Received % Xferd  Average Speed   Time    Time     Time  Current
[2023-11-25T03:57:14.497+0000] {subprocess.py:93} INFO -                                  Dload  Upload   Total   Spent    Left  Speed
[2023-11-25T03:57:20.112+0000] {subprocess.py:93} INFO -   0     0    0     0    0     0      0      0 --:--:-- --:--:-- --:--:--     0  0     0    0     0    0     0      0      0 --:--:-- --:--:-- --:--:--     0100 3246k    0 3246k    0     0  2335k      0 --:--:--  0:00:01 --:--:-- 2334k100 7166k    0 7166k    0     0  2974k      0 --:--:--  0:00:02 --:--:-- 2973k100 10.7M    0 10.7M    0     0  3214k      0 --:--:--  0:00:03 --:--:-- 3213k100 14.3M    0 14.3M    0     0  3339k      0 --:--:--  0:00:04 --:--:-- 3338k100 18.0M    0 18.0M    0     0  3430k      0 --:--:--  0:00:05 --:--:-- 3804k100 19.0M    0 19.0M    0     0  3470k      0 --:--:--  0:00:05 --:--:-- 3843k
[2023-11-25T03:57:20.115+0000] {subprocess.py:97} INFO - Command exited with return code 0
[2023-11-25T03:57:20.204+0000] {taskinstance.py:1400} INFO - Marking task as SUCCESS. dag_id=outcomes_dag, task_id=extract, execution_date=20231124T000000, start_date=20231125T035714, end_date=20231125T035720
[2023-11-25T03:57:20.280+0000] {local_task_job_runner.py:228} INFO - Task exited with return code 0
[2023-11-25T03:57:20.311+0000] {taskinstance.py:2778} INFO - 0 downstream tasks scheduled from follow-on schedule check
[2023-11-25T04:56:04.239+0000] {taskinstance.py:1159} INFO - Dependencies all met for dep_context=non-requeueable deps ti=<TaskInstance: outcomes_dag.extract scheduled__2023-11-24T00:00:00+00:00 [queued]>
[2023-11-25T04:56:04.242+0000] {taskinstance.py:1159} INFO - Dependencies all met for dep_context=requeueable deps ti=<TaskInstance: outcomes_dag.extract scheduled__2023-11-24T00:00:00+00:00 [queued]>
[2023-11-25T04:56:04.243+0000] {taskinstance.py:1361} INFO - Starting attempt 1 of 1
[2023-11-25T04:56:04.249+0000] {taskinstance.py:1382} INFO - Executing <Task(PythonOperator): extract> on 2023-11-24 00:00:00+00:00
[2023-11-25T04:56:04.253+0000] {standard_task_runner.py:57} INFO - Started process 75 to run task
[2023-11-25T04:56:04.256+0000] {standard_task_runner.py:84} INFO - Running: ['***', 'tasks', 'run', 'outcomes_dag', 'extract', 'scheduled__2023-11-24T00:00:00+00:00', '--job-id', '4', '--raw', '--subdir', 'DAGS_FOLDER/outcomes_dag.py', '--cfg-path', '/tmp/tmpxd60isgr']
[2023-11-25T04:56:04.258+0000] {standard_task_runner.py:85} INFO - Job 4: Subtask extract
[2023-11-25T04:56:04.328+0000] {task_command.py:416} INFO - Running <TaskInstance: outcomes_dag.extract scheduled__2023-11-24T00:00:00+00:00 [running]> on host 9c18922f4e6b
[2023-11-25T04:56:04.386+0000] {taskinstance.py:1662} INFO - Exporting env vars: AIRFLOW_CTX_DAG_OWNER='***' AIRFLOW_CTX_DAG_ID='outcomes_dag' AIRFLOW_CTX_TASK_ID='extract' AIRFLOW_CTX_EXECUTION_DATE='2023-11-24T00:00:00+00:00' AIRFLOW_CTX_TRY_NUMBER='1' AIRFLOW_CTX_DAG_RUN_ID='scheduled__2023-11-24T00:00:00+00:00'
[2023-11-25T04:56:06.665+0000] {python.py:194} INFO - Done. Returned value was: None
[2023-11-25T04:56:06.688+0000] {taskinstance.py:1400} INFO - Marking task as SUCCESS. dag_id=outcomes_dag, task_id=extract, execution_date=20231124T000000, start_date=20231125T045604, end_date=20231125T045606
[2023-11-25T04:56:06.740+0000] {local_task_job_runner.py:228} INFO - Task exited with return code 0
[2023-11-25T08:31:30.112+0000] {taskinstance.py:1159} INFO - Dependencies all met for dep_context=non-requeueable deps ti=<TaskInstance: outcomes_dag.extract scheduled__2023-11-24T00:00:00+00:00 [queued]>
[2023-11-25T08:31:30.116+0000] {taskinstance.py:1159} INFO - Dependencies all met for dep_context=requeueable deps ti=<TaskInstance: outcomes_dag.extract scheduled__2023-11-24T00:00:00+00:00 [queued]>
[2023-11-25T08:31:30.116+0000] {taskinstance.py:1361} INFO - Starting attempt 1 of 1
[2023-11-25T08:31:30.121+0000] {taskinstance.py:1382} INFO - Executing <Task(PythonOperator): extract> on 2023-11-24 00:00:00+00:00
[2023-11-25T08:31:30.125+0000] {standard_task_runner.py:57} INFO - Started process 100 to run task
[2023-11-25T08:31:30.130+0000] {standard_task_runner.py:84} INFO - Running: ['***', 'tasks', 'run', 'outcomes_dag', 'extract', 'scheduled__2023-11-24T00:00:00+00:00', '--job-id', '4', '--raw', '--subdir', 'DAGS_FOLDER/outcomes_dag.py', '--cfg-path', '/tmp/tmpp7icam_s']
[2023-11-25T08:31:30.132+0000] {standard_task_runner.py:85} INFO - Job 4: Subtask extract
[2023-11-25T08:31:30.165+0000] {task_command.py:416} INFO - Running <TaskInstance: outcomes_dag.extract scheduled__2023-11-24T00:00:00+00:00 [running]> on host 345afa9fabd7
[2023-11-25T08:31:30.214+0000] {taskinstance.py:1662} INFO - Exporting env vars: AIRFLOW_CTX_DAG_OWNER='***' AIRFLOW_CTX_DAG_ID='outcomes_dag' AIRFLOW_CTX_TASK_ID='extract' AIRFLOW_CTX_EXECUTION_DATE='2023-11-24T00:00:00+00:00' AIRFLOW_CTX_TRY_NUMBER='1' AIRFLOW_CTX_DAG_RUN_ID='scheduled__2023-11-24T00:00:00+00:00'
[2023-11-25T08:31:31.154+0000] {python.py:194} INFO - Done. Returned value was: None
[2023-11-25T08:31:31.168+0000] {taskinstance.py:1400} INFO - Marking task as SUCCESS. dag_id=outcomes_dag, task_id=extract, execution_date=20231124T000000, start_date=20231125T083130, end_date=20231125T083131
[2023-11-25T08:31:31.216+0000] {local_task_job_runner.py:228} INFO - Task exited with return code 0
[2023-11-25T08:44:54.309+0000] {taskinstance.py:1159} INFO - Dependencies all met for dep_context=non-requeueable deps ti=<TaskInstance: outcomes_dag.extract scheduled__2023-11-24T00:00:00+00:00 [queued]>
[2023-11-25T08:44:54.313+0000] {taskinstance.py:1159} INFO - Dependencies all met for dep_context=requeueable deps ti=<TaskInstance: outcomes_dag.extract scheduled__2023-11-24T00:00:00+00:00 [queued]>
[2023-11-25T08:44:54.313+0000] {taskinstance.py:1361} INFO - Starting attempt 1 of 1
[2023-11-25T08:44:54.318+0000] {taskinstance.py:1382} INFO - Executing <Task(PythonOperator): extract> on 2023-11-24 00:00:00+00:00
[2023-11-25T08:44:54.322+0000] {standard_task_runner.py:57} INFO - Started process 59 to run task
[2023-11-25T08:44:54.325+0000] {standard_task_runner.py:84} INFO - Running: ['***', 'tasks', 'run', 'outcomes_dag', 'extract', 'scheduled__2023-11-24T00:00:00+00:00', '--job-id', '3', '--raw', '--subdir', 'DAGS_FOLDER/outcomes_dag.py', '--cfg-path', '/tmp/tmprzi92_nd']
[2023-11-25T08:44:54.327+0000] {standard_task_runner.py:85} INFO - Job 3: Subtask extract
[2023-11-25T08:44:54.362+0000] {task_command.py:416} INFO - Running <TaskInstance: outcomes_dag.extract scheduled__2023-11-24T00:00:00+00:00 [running]> on host 2386755a61be
[2023-11-25T08:44:54.405+0000] {taskinstance.py:1662} INFO - Exporting env vars: AIRFLOW_CTX_DAG_OWNER='***' AIRFLOW_CTX_DAG_ID='outcomes_dag' AIRFLOW_CTX_TASK_ID='extract' AIRFLOW_CTX_EXECUTION_DATE='2023-11-24T00:00:00+00:00' AIRFLOW_CTX_TRY_NUMBER='1' AIRFLOW_CTX_DAG_RUN_ID='scheduled__2023-11-24T00:00:00+00:00'
[2023-11-25T08:44:57.211+0000] {python.py:194} INFO - Done. Returned value was: None
[2023-11-25T08:44:57.234+0000] {taskinstance.py:1400} INFO - Marking task as SUCCESS. dag_id=outcomes_dag, task_id=extract, execution_date=20231124T000000, start_date=20231125T084454, end_date=20231125T084457
[2023-11-25T08:44:57.278+0000] {local_task_job_runner.py:228} INFO - Task exited with return code 0
[2023-11-25T08:47:52.397+0000] {taskinstance.py:1159} INFO - Dependencies all met for dep_context=non-requeueable deps ti=<TaskInstance: outcomes_dag.extract scheduled__2023-11-24T00:00:00+00:00 [queued]>
[2023-11-25T08:47:52.401+0000] {taskinstance.py:1159} INFO - Dependencies all met for dep_context=requeueable deps ti=<TaskInstance: outcomes_dag.extract scheduled__2023-11-24T00:00:00+00:00 [queued]>
[2023-11-25T08:47:52.401+0000] {taskinstance.py:1361} INFO - Starting attempt 1 of 1
[2023-11-25T08:47:52.407+0000] {taskinstance.py:1382} INFO - Executing <Task(PythonOperator): extract> on 2023-11-24 00:00:00+00:00
[2023-11-25T08:47:52.411+0000] {standard_task_runner.py:57} INFO - Started process 61 to run task
[2023-11-25T08:47:52.414+0000] {standard_task_runner.py:84} INFO - Running: ['***', 'tasks', 'run', 'outcomes_dag', 'extract', 'scheduled__2023-11-24T00:00:00+00:00', '--job-id', '3', '--raw', '--subdir', 'DAGS_FOLDER/outcomes_dag.py', '--cfg-path', '/tmp/tmp3_abivug']
[2023-11-25T08:47:52.417+0000] {standard_task_runner.py:85} INFO - Job 3: Subtask extract
[2023-11-25T08:47:52.449+0000] {task_command.py:416} INFO - Running <TaskInstance: outcomes_dag.extract scheduled__2023-11-24T00:00:00+00:00 [running]> on host 032cc147d54c
[2023-11-25T08:47:52.491+0000] {taskinstance.py:1662} INFO - Exporting env vars: AIRFLOW_CTX_DAG_OWNER='***' AIRFLOW_CTX_DAG_ID='outcomes_dag' AIRFLOW_CTX_TASK_ID='extract' AIRFLOW_CTX_EXECUTION_DATE='2023-11-24T00:00:00+00:00' AIRFLOW_CTX_TRY_NUMBER='1' AIRFLOW_CTX_DAG_RUN_ID='scheduled__2023-11-24T00:00:00+00:00'
[2023-11-25T08:47:54.625+0000] {python.py:194} INFO - Done. Returned value was: None
[2023-11-25T08:47:54.636+0000] {taskinstance.py:1400} INFO - Marking task as SUCCESS. dag_id=outcomes_dag, task_id=extract, execution_date=20231124T000000, start_date=20231125T084752, end_date=20231125T084754
[2023-11-25T08:47:54.671+0000] {local_task_job_runner.py:228} INFO - Task exited with return code 0
