[2023-11-19T07:34:25.400+0000] {taskinstance.py:1159} INFO - Dependencies all met for dep_context=non-requeueable deps ti=<TaskInstance: outcomes_dag.extract2 manual__2023-11-19T07:32:44.273578+00:00 [queued]>
[2023-11-19T07:34:25.404+0000] {taskinstance.py:1159} INFO - Dependencies all met for dep_context=requeueable deps ti=<TaskInstance: outcomes_dag.extract2 manual__2023-11-19T07:32:44.273578+00:00 [queued]>
[2023-11-19T07:34:25.404+0000] {taskinstance.py:1361} INFO - Starting attempt 2 of 2
[2023-11-19T07:34:25.409+0000] {taskinstance.py:1382} INFO - Executing <Task(PythonOperator): extract2> on 2023-11-19 07:32:44.273578+00:00
[2023-11-19T07:34:25.412+0000] {standard_task_runner.py:57} INFO - Started process 216 to run task
[2023-11-19T07:34:25.414+0000] {standard_task_runner.py:84} INFO - Running: ['***', 'tasks', 'run', 'outcomes_dag', 'extract2', 'manual__2023-11-19T07:32:44.273578+00:00', '--job-id', '20', '--raw', '--subdir', 'DAGS_FOLDER/outcomes_dag.py', '--cfg-path', '/tmp/tmppns6ea1y']
[2023-11-19T07:34:25.416+0000] {standard_task_runner.py:85} INFO - Job 20: Subtask extract2
[2023-11-19T07:34:25.443+0000] {task_command.py:416} INFO - Running <TaskInstance: outcomes_dag.extract2 manual__2023-11-19T07:32:44.273578+00:00 [running]> on host 13403f191858
[2023-11-19T07:34:25.575+0000] {taskinstance.py:1662} INFO - Exporting env vars: AIRFLOW_CTX_DAG_OWNER='***' AIRFLOW_CTX_DAG_ID='outcomes_dag' AIRFLOW_CTX_TASK_ID='extract2' AIRFLOW_CTX_EXECUTION_DATE='2023-11-19T07:32:44.273578+00:00' AIRFLOW_CTX_TRY_NUMBER='2' AIRFLOW_CTX_DAG_RUN_ID='manual__2023-11-19T07:32:44.273578+00:00'
[2023-11-19T07:34:26.173+0000] {logging_mixin.py:154} INFO -     animal_id     name  ...              color outcome_subtype
0     A794011    Chunk  ...  Brown Tabby/White             NaN
1     A776359    Gizmo  ...        White/Brown             NaN
2     A821648      NaN  ...               Gray             NaN
3     A720371    Moose  ...               Buff             NaN
4     A674754      NaN  ...       Orange Tabby         Partner
..        ...      ...  ...                ...             ...
995   A796517  Chiquis  ...        Brown/White             NaN
996   A881605  *Berlin  ...              Black       In Kennel
997   A772727     Oreo  ...     White/Tricolor             NaN
998   A796856      NaN  ...              Brown         Partner
999   A741753      NaN  ...        Black/White            SCRP

[1000 rows x 12 columns]
[2023-11-19T07:34:26.175+0000] {python.py:194} INFO - Done. Returned value was: None
[2023-11-19T07:34:26.186+0000] {taskinstance.py:1400} INFO - Marking task as SUCCESS. dag_id=outcomes_dag, task_id=extract2, execution_date=20231119T073244, start_date=20231119T073425, end_date=20231119T073426
[2023-11-19T07:34:26.206+0000] {local_task_job_runner.py:228} INFO - Task exited with return code 0
[2023-11-19T07:34:26.224+0000] {taskinstance.py:2778} INFO - 0 downstream tasks scheduled from follow-on schedule check
