[2023-11-19T06:28:16.462+0000] {taskinstance.py:1159} INFO - Dependencies all met for dep_context=non-requeueable deps ti=<TaskInstance: outcomes_dag.transform scheduled__2023-11-18T00:00:00+00:00 [queued]>
[2023-11-19T06:28:16.465+0000] {taskinstance.py:1159} INFO - Dependencies all met for dep_context=requeueable deps ti=<TaskInstance: outcomes_dag.transform scheduled__2023-11-18T00:00:00+00:00 [queued]>
[2023-11-19T06:28:16.465+0000] {taskinstance.py:1361} INFO - Starting attempt 1 of 1
[2023-11-19T06:28:16.470+0000] {taskinstance.py:1382} INFO - Executing <Task(PythonOperator): transform> on 2023-11-18 00:00:00+00:00
[2023-11-19T06:28:16.473+0000] {standard_task_runner.py:57} INFO - Started process 73 to run task
[2023-11-19T06:28:16.476+0000] {standard_task_runner.py:84} INFO - Running: ['***', 'tasks', 'run', 'outcomes_dag', 'transform', 'scheduled__2023-11-18T00:00:00+00:00', '--job-id', '5', '--raw', '--subdir', 'DAGS_FOLDER/outcomes_dag.py', '--cfg-path', '/tmp/tmpan8ean1u']
[2023-11-19T06:28:16.477+0000] {standard_task_runner.py:85} INFO - Job 5: Subtask transform
[2023-11-19T06:28:16.506+0000] {task_command.py:416} INFO - Running <TaskInstance: outcomes_dag.transform scheduled__2023-11-18T00:00:00+00:00 [running]> on host 8c758415f3b2
[2023-11-19T06:28:16.651+0000] {taskinstance.py:1662} INFO - Exporting env vars: AIRFLOW_CTX_DAG_OWNER='***' AIRFLOW_CTX_DAG_ID='outcomes_dag' AIRFLOW_CTX_TASK_ID='transform' AIRFLOW_CTX_EXECUTION_DATE='2023-11-18T00:00:00+00:00' AIRFLOW_CTX_TRY_NUMBER='1' AIRFLOW_CTX_DAG_RUN_ID='scheduled__2023-11-18T00:00:00+00:00'
[2023-11-19T06:28:16.952+0000] {warnings.py:109} WARNING - /opt/***/dags/etl_scripts/transform.py:60: UserWarning: Could not infer format, so each element will be parsed individually, falling back to `dateutil`. To ensure parsing is consistent and as-expected, please specify a format.
  data['ts'] = pd.to_datetime(data.DateTime)

[2023-11-19T06:28:23.075+0000] {python.py:194} INFO - Done. Returned value was: None
[2023-11-19T06:28:23.081+0000] {taskinstance.py:1400} INFO - Marking task as SUCCESS. dag_id=outcomes_dag, task_id=transform, execution_date=20231118T000000, start_date=20231119T062816, end_date=20231119T062823
[2023-11-19T06:28:23.128+0000] {local_task_job_runner.py:228} INFO - Task exited with return code 0
[2023-11-19T06:28:23.143+0000] {taskinstance.py:2778} INFO - 3 downstream tasks scheduled from follow-on schedule check
[2023-11-19T07:32:56.774+0000] {taskinstance.py:1159} INFO - Dependencies all met for dep_context=non-requeueable deps ti=<TaskInstance: outcomes_dag.transform scheduled__2023-11-18T00:00:00+00:00 [queued]>
[2023-11-19T07:32:56.778+0000] {taskinstance.py:1159} INFO - Dependencies all met for dep_context=requeueable deps ti=<TaskInstance: outcomes_dag.transform scheduled__2023-11-18T00:00:00+00:00 [queued]>
[2023-11-19T07:32:56.778+0000] {taskinstance.py:1361} INFO - Starting attempt 1 of 1
[2023-11-19T07:32:56.782+0000] {taskinstance.py:1382} INFO - Executing <Task(PythonOperator): transform> on 2023-11-18 00:00:00+00:00
[2023-11-19T07:32:56.785+0000] {standard_task_runner.py:57} INFO - Started process 96 to run task
[2023-11-19T07:32:56.788+0000] {standard_task_runner.py:84} INFO - Running: ['***', 'tasks', 'run', 'outcomes_dag', 'transform', 'scheduled__2023-11-18T00:00:00+00:00', '--job-id', '9', '--raw', '--subdir', 'DAGS_FOLDER/outcomes_dag.py', '--cfg-path', '/tmp/tmppfr159ni']
[2023-11-19T07:32:56.790+0000] {standard_task_runner.py:85} INFO - Job 9: Subtask transform
[2023-11-19T07:32:56.817+0000] {task_command.py:416} INFO - Running <TaskInstance: outcomes_dag.transform scheduled__2023-11-18T00:00:00+00:00 [running]> on host 13403f191858
[2023-11-19T07:32:56.945+0000] {taskinstance.py:1662} INFO - Exporting env vars: AIRFLOW_CTX_DAG_OWNER='***' AIRFLOW_CTX_DAG_ID='outcomes_dag' AIRFLOW_CTX_TASK_ID='transform' AIRFLOW_CTX_EXECUTION_DATE='2023-11-18T00:00:00+00:00' AIRFLOW_CTX_TRY_NUMBER='1' AIRFLOW_CTX_DAG_RUN_ID='scheduled__2023-11-18T00:00:00+00:00'
[2023-11-19T07:32:57.183+0000] {warnings.py:109} WARNING - /opt/***/dags/etl_scripts/transform.py:60: UserWarning: Could not infer format, so each element will be parsed individually, falling back to `dateutil`. To ensure parsing is consistent and as-expected, please specify a format.
  data['ts'] = pd.to_datetime(data.DateTime)

[2023-11-19T07:33:03.307+0000] {python.py:194} INFO - Done. Returned value was: None
[2023-11-19T07:33:03.313+0000] {taskinstance.py:1400} INFO - Marking task as SUCCESS. dag_id=outcomes_dag, task_id=transform, execution_date=20231118T000000, start_date=20231119T073256, end_date=20231119T073303
[2023-11-19T07:33:03.357+0000] {local_task_job_runner.py:228} INFO - Task exited with return code 0
[2023-11-19T07:33:03.370+0000] {taskinstance.py:2778} INFO - 3 downstream tasks scheduled from follow-on schedule check
[2023-11-19T09:32:53.593+0000] {taskinstance.py:1159} INFO - Dependencies all met for dep_context=non-requeueable deps ti=<TaskInstance: outcomes_dag.transform scheduled__2023-11-18T00:00:00+00:00 [queued]>
[2023-11-19T09:32:53.614+0000] {taskinstance.py:1159} INFO - Dependencies all met for dep_context=requeueable deps ti=<TaskInstance: outcomes_dag.transform scheduled__2023-11-18T00:00:00+00:00 [queued]>
[2023-11-19T09:32:53.621+0000] {taskinstance.py:1361} INFO - Starting attempt 1 of 1
[2023-11-19T09:32:53.659+0000] {taskinstance.py:1382} INFO - Executing <Task(PythonOperator): transform> on 2023-11-18 00:00:00+00:00
[2023-11-19T09:32:53.675+0000] {standard_task_runner.py:57} INFO - Started process 94 to run task
[2023-11-19T09:32:53.703+0000] {standard_task_runner.py:84} INFO - Running: ['***', 'tasks', 'run', 'outcomes_dag', 'transform', 'scheduled__2023-11-18T00:00:00+00:00', '--job-id', '6', '--raw', '--subdir', 'DAGS_FOLDER/outcomes_dag.py', '--cfg-path', '/tmp/tmp26i7d5ni']
[2023-11-19T09:32:53.725+0000] {standard_task_runner.py:85} INFO - Job 6: Subtask transform
[2023-11-19T09:32:53.899+0000] {task_command.py:416} INFO - Running <TaskInstance: outcomes_dag.transform scheduled__2023-11-18T00:00:00+00:00 [running]> on host 696613a1ef55
[2023-11-19T09:32:54.197+0000] {taskinstance.py:1662} INFO - Exporting env vars: AIRFLOW_CTX_DAG_OWNER='***' AIRFLOW_CTX_DAG_ID='outcomes_dag' AIRFLOW_CTX_TASK_ID='transform' AIRFLOW_CTX_EXECUTION_DATE='2023-11-18T00:00:00+00:00' AIRFLOW_CTX_TRY_NUMBER='1' AIRFLOW_CTX_DAG_RUN_ID='scheduled__2023-11-18T00:00:00+00:00'
[2023-11-19T09:32:54.212+0000] {taskinstance.py:1937} ERROR - Task failed with exception
Traceback (most recent call last):
  File "/home/airflow/.local/lib/python3.8/site-packages/airflow/operators/python.py", line 192, in execute
    return_value = self.execute_callable()
  File "/home/airflow/.local/lib/python3.8/site-packages/airflow/operators/python.py", line 209, in execute_callable
    return self.python_callable(*self.op_args, **self.op_kwargs)
  File "/opt/airflow/dags/etl_scripts/transform.py", line 20, in transform_data
    new_data = pd.read_csv(source_csv)
  File "/home/airflow/.local/lib/python3.8/site-packages/pandas/io/parsers/readers.py", line 912, in read_csv
    return _read(filepath_or_buffer, kwds)
  File "/home/airflow/.local/lib/python3.8/site-packages/pandas/io/parsers/readers.py", line 577, in _read
    parser = TextFileReader(filepath_or_buffer, **kwds)
  File "/home/airflow/.local/lib/python3.8/site-packages/pandas/io/parsers/readers.py", line 1407, in __init__
    self._engine = self._make_engine(f, self.engine)
  File "/home/airflow/.local/lib/python3.8/site-packages/pandas/io/parsers/readers.py", line 1661, in _make_engine
    self.handles = get_handle(
  File "/home/airflow/.local/lib/python3.8/site-packages/pandas/io/common.py", line 859, in get_handle
    handle = open(
FileNotFoundError: [Errno 2] No such file or directory: '/opt/airflow/data/2023-11-18/downloads/outcomes_2023-11-18.csv'
[2023-11-19T09:32:54.259+0000] {taskinstance.py:1400} INFO - Marking task as FAILED. dag_id=outcomes_dag, task_id=transform, execution_date=20231118T000000, start_date=20231119T093253, end_date=20231119T093254
[2023-11-19T09:32:54.296+0000] {standard_task_runner.py:104} ERROR - Failed to execute job 6 for task transform ([Errno 2] No such file or directory: '/opt/airflow/data/2023-11-18/downloads/outcomes_2023-11-18.csv'; 94)
[2023-11-19T09:32:54.389+0000] {local_task_job_runner.py:228} INFO - Task exited with return code 1
[2023-11-19T09:32:54.410+0000] {taskinstance.py:2778} INFO - 0 downstream tasks scheduled from follow-on schedule check
[2023-11-19T20:43:37.409+0000] {taskinstance.py:1159} INFO - Dependencies all met for dep_context=non-requeueable deps ti=<TaskInstance: outcomes_dag.transform scheduled__2023-11-18T00:00:00+00:00 [queued]>
[2023-11-19T20:43:37.415+0000] {taskinstance.py:1159} INFO - Dependencies all met for dep_context=requeueable deps ti=<TaskInstance: outcomes_dag.transform scheduled__2023-11-18T00:00:00+00:00 [queued]>
[2023-11-19T20:43:37.415+0000] {taskinstance.py:1361} INFO - Starting attempt 1 of 1
[2023-11-19T20:43:37.424+0000] {taskinstance.py:1382} INFO - Executing <Task(PythonOperator): transform> on 2023-11-18 00:00:00+00:00
[2023-11-19T20:43:37.429+0000] {standard_task_runner.py:57} INFO - Started process 87 to run task
[2023-11-19T20:43:37.433+0000] {standard_task_runner.py:84} INFO - Running: ['***', 'tasks', 'run', 'outcomes_dag', 'transform', 'scheduled__2023-11-18T00:00:00+00:00', '--job-id', '7', '--raw', '--subdir', 'DAGS_FOLDER/outcomes_dag.py', '--cfg-path', '/tmp/tmp8drmrwk0']
[2023-11-19T20:43:37.435+0000] {standard_task_runner.py:85} INFO - Job 7: Subtask transform
[2023-11-19T20:43:37.472+0000] {task_command.py:416} INFO - Running <TaskInstance: outcomes_dag.transform scheduled__2023-11-18T00:00:00+00:00 [running]> on host 549ad0bd2371
[2023-11-19T20:43:37.520+0000] {taskinstance.py:1662} INFO - Exporting env vars: AIRFLOW_CTX_DAG_OWNER='***' AIRFLOW_CTX_DAG_ID='outcomes_dag' AIRFLOW_CTX_TASK_ID='transform' AIRFLOW_CTX_EXECUTION_DATE='2023-11-18T00:00:00+00:00' AIRFLOW_CTX_TRY_NUMBER='1' AIRFLOW_CTX_DAG_RUN_ID='scheduled__2023-11-18T00:00:00+00:00'
[2023-11-19T20:43:39.320+0000] {python.py:194} INFO - Done. Returned value was: None
[2023-11-19T20:43:39.332+0000] {taskinstance.py:1400} INFO - Marking task as SUCCESS. dag_id=outcomes_dag, task_id=transform, execution_date=20231118T000000, start_date=20231119T204337, end_date=20231119T204339
[2023-11-19T20:43:39.352+0000] {local_task_job_runner.py:228} INFO - Task exited with return code 0
[2023-11-19T20:47:17.144+0000] {taskinstance.py:1159} INFO - Dependencies all met for dep_context=non-requeueable deps ti=<TaskInstance: outcomes_dag.transform scheduled__2023-11-18T00:00:00+00:00 [queued]>
[2023-11-19T20:47:17.152+0000] {taskinstance.py:1159} INFO - Dependencies all met for dep_context=requeueable deps ti=<TaskInstance: outcomes_dag.transform scheduled__2023-11-18T00:00:00+00:00 [queued]>
[2023-11-19T20:47:17.152+0000] {taskinstance.py:1361} INFO - Starting attempt 1 of 1
[2023-11-19T20:47:17.161+0000] {taskinstance.py:1382} INFO - Executing <Task(PythonOperator): transform> on 2023-11-18 00:00:00+00:00
[2023-11-19T20:47:17.168+0000] {standard_task_runner.py:57} INFO - Started process 81 to run task
[2023-11-19T20:47:17.172+0000] {standard_task_runner.py:84} INFO - Running: ['***', 'tasks', 'run', 'outcomes_dag', 'transform', 'scheduled__2023-11-18T00:00:00+00:00', '--job-id', '7', '--raw', '--subdir', 'DAGS_FOLDER/outcomes_dag.py', '--cfg-path', '/tmp/tmp2wltlqf0']
[2023-11-19T20:47:17.175+0000] {standard_task_runner.py:85} INFO - Job 7: Subtask transform
[2023-11-19T20:47:17.214+0000] {task_command.py:416} INFO - Running <TaskInstance: outcomes_dag.transform scheduled__2023-11-18T00:00:00+00:00 [running]> on host 9cdfa5fb3a71
[2023-11-19T20:47:17.266+0000] {taskinstance.py:1662} INFO - Exporting env vars: AIRFLOW_CTX_DAG_OWNER='***' AIRFLOW_CTX_DAG_ID='outcomes_dag' AIRFLOW_CTX_TASK_ID='transform' AIRFLOW_CTX_EXECUTION_DATE='2023-11-18T00:00:00+00:00' AIRFLOW_CTX_TRY_NUMBER='1' AIRFLOW_CTX_DAG_RUN_ID='scheduled__2023-11-18T00:00:00+00:00'
[2023-11-19T20:47:19.242+0000] {python.py:194} INFO - Done. Returned value was: None
[2023-11-19T20:47:19.250+0000] {taskinstance.py:1400} INFO - Marking task as SUCCESS. dag_id=outcomes_dag, task_id=transform, execution_date=20231118T000000, start_date=20231119T204717, end_date=20231119T204719
[2023-11-19T20:47:19.316+0000] {local_task_job_runner.py:228} INFO - Task exited with return code 0
[2023-11-19T21:07:52.705+0000] {taskinstance.py:1159} INFO - Dependencies all met for dep_context=non-requeueable deps ti=<TaskInstance: outcomes_dag.transform scheduled__2023-11-18T00:00:00+00:00 [queued]>
[2023-11-19T21:07:52.714+0000] {taskinstance.py:1159} INFO - Dependencies all met for dep_context=requeueable deps ti=<TaskInstance: outcomes_dag.transform scheduled__2023-11-18T00:00:00+00:00 [queued]>
[2023-11-19T21:07:52.714+0000] {taskinstance.py:1361} INFO - Starting attempt 1 of 1
[2023-11-19T21:07:52.722+0000] {taskinstance.py:1382} INFO - Executing <Task(PythonOperator): transform> on 2023-11-18 00:00:00+00:00
[2023-11-19T21:07:52.730+0000] {standard_task_runner.py:57} INFO - Started process 83 to run task
[2023-11-19T21:07:52.733+0000] {standard_task_runner.py:84} INFO - Running: ['***', 'tasks', 'run', 'outcomes_dag', 'transform', 'scheduled__2023-11-18T00:00:00+00:00', '--job-id', '8', '--raw', '--subdir', 'DAGS_FOLDER/outcomes_dag.py', '--cfg-path', '/tmp/tmp0qq2339f']
[2023-11-19T21:07:52.736+0000] {standard_task_runner.py:85} INFO - Job 8: Subtask transform
[2023-11-19T21:07:52.766+0000] {task_command.py:416} INFO - Running <TaskInstance: outcomes_dag.transform scheduled__2023-11-18T00:00:00+00:00 [running]> on host 39e21f8b1ec3
[2023-11-19T21:07:52.808+0000] {taskinstance.py:1662} INFO - Exporting env vars: AIRFLOW_CTX_DAG_OWNER='***' AIRFLOW_CTX_DAG_ID='outcomes_dag' AIRFLOW_CTX_TASK_ID='transform' AIRFLOW_CTX_EXECUTION_DATE='2023-11-18T00:00:00+00:00' AIRFLOW_CTX_TRY_NUMBER='1' AIRFLOW_CTX_DAG_RUN_ID='scheduled__2023-11-18T00:00:00+00:00'
[2023-11-19T21:07:54.500+0000] {python.py:194} INFO - Done. Returned value was: None
[2023-11-19T21:07:54.511+0000] {taskinstance.py:1400} INFO - Marking task as SUCCESS. dag_id=outcomes_dag, task_id=transform, execution_date=20231118T000000, start_date=20231119T210752, end_date=20231119T210754
[2023-11-19T21:07:54.547+0000] {local_task_job_runner.py:228} INFO - Task exited with return code 0
[2023-11-19T21:11:44.157+0000] {taskinstance.py:1159} INFO - Dependencies all met for dep_context=non-requeueable deps ti=<TaskInstance: outcomes_dag.transform scheduled__2023-11-18T00:00:00+00:00 [queued]>
[2023-11-19T21:11:44.161+0000] {taskinstance.py:1159} INFO - Dependencies all met for dep_context=requeueable deps ti=<TaskInstance: outcomes_dag.transform scheduled__2023-11-18T00:00:00+00:00 [queued]>
[2023-11-19T21:11:44.161+0000] {taskinstance.py:1361} INFO - Starting attempt 1 of 1
[2023-11-19T21:11:44.166+0000] {taskinstance.py:1382} INFO - Executing <Task(PythonOperator): transform> on 2023-11-18 00:00:00+00:00
[2023-11-19T21:11:44.169+0000] {standard_task_runner.py:57} INFO - Started process 88 to run task
[2023-11-19T21:11:44.172+0000] {standard_task_runner.py:84} INFO - Running: ['***', 'tasks', 'run', 'outcomes_dag', 'transform', 'scheduled__2023-11-18T00:00:00+00:00', '--job-id', '7', '--raw', '--subdir', 'DAGS_FOLDER/outcomes_dag.py', '--cfg-path', '/tmp/tmpxs95e84j']
[2023-11-19T21:11:44.175+0000] {standard_task_runner.py:85} INFO - Job 7: Subtask transform
[2023-11-19T21:11:44.208+0000] {task_command.py:416} INFO - Running <TaskInstance: outcomes_dag.transform scheduled__2023-11-18T00:00:00+00:00 [running]> on host 0aa87954f8d2
[2023-11-19T21:11:44.247+0000] {taskinstance.py:1662} INFO - Exporting env vars: AIRFLOW_CTX_DAG_OWNER='***' AIRFLOW_CTX_DAG_ID='outcomes_dag' AIRFLOW_CTX_TASK_ID='transform' AIRFLOW_CTX_EXECUTION_DATE='2023-11-18T00:00:00+00:00' AIRFLOW_CTX_TRY_NUMBER='1' AIRFLOW_CTX_DAG_RUN_ID='scheduled__2023-11-18T00:00:00+00:00'
[2023-11-19T21:11:45.879+0000] {python.py:194} INFO - Done. Returned value was: None
[2023-11-19T21:11:45.896+0000] {taskinstance.py:1400} INFO - Marking task as SUCCESS. dag_id=outcomes_dag, task_id=transform, execution_date=20231118T000000, start_date=20231119T211144, end_date=20231119T211145
[2023-11-19T21:11:45.933+0000] {local_task_job_runner.py:228} INFO - Task exited with return code 0
[2023-11-19T21:15:27.296+0000] {taskinstance.py:1159} INFO - Dependencies all met for dep_context=non-requeueable deps ti=<TaskInstance: outcomes_dag.transform scheduled__2023-11-18T00:00:00+00:00 [queued]>
[2023-11-19T21:15:27.300+0000] {taskinstance.py:1159} INFO - Dependencies all met for dep_context=requeueable deps ti=<TaskInstance: outcomes_dag.transform scheduled__2023-11-18T00:00:00+00:00 [queued]>
[2023-11-19T21:15:27.300+0000] {taskinstance.py:1361} INFO - Starting attempt 1 of 1
[2023-11-19T21:15:27.305+0000] {taskinstance.py:1382} INFO - Executing <Task(PythonOperator): transform> on 2023-11-18 00:00:00+00:00
[2023-11-19T21:15:27.308+0000] {standard_task_runner.py:57} INFO - Started process 82 to run task
[2023-11-19T21:15:27.311+0000] {standard_task_runner.py:84} INFO - Running: ['***', 'tasks', 'run', 'outcomes_dag', 'transform', 'scheduled__2023-11-18T00:00:00+00:00', '--job-id', '7', '--raw', '--subdir', 'DAGS_FOLDER/outcomes_dag.py', '--cfg-path', '/tmp/tmphyrafg2x']
[2023-11-19T21:15:27.313+0000] {standard_task_runner.py:85} INFO - Job 7: Subtask transform
[2023-11-19T21:15:27.344+0000] {task_command.py:416} INFO - Running <TaskInstance: outcomes_dag.transform scheduled__2023-11-18T00:00:00+00:00 [running]> on host 5d17f892a68d
[2023-11-19T21:15:27.384+0000] {taskinstance.py:1662} INFO - Exporting env vars: AIRFLOW_CTX_DAG_OWNER='***' AIRFLOW_CTX_DAG_ID='outcomes_dag' AIRFLOW_CTX_TASK_ID='transform' AIRFLOW_CTX_EXECUTION_DATE='2023-11-18T00:00:00+00:00' AIRFLOW_CTX_TRY_NUMBER='1' AIRFLOW_CTX_DAG_RUN_ID='scheduled__2023-11-18T00:00:00+00:00'
[2023-11-19T21:15:29.062+0000] {python.py:194} INFO - Done. Returned value was: None
[2023-11-19T21:15:29.072+0000] {taskinstance.py:1400} INFO - Marking task as SUCCESS. dag_id=outcomes_dag, task_id=transform, execution_date=20231118T000000, start_date=20231119T211527, end_date=20231119T211529
[2023-11-19T21:15:29.110+0000] {local_task_job_runner.py:228} INFO - Task exited with return code 0
[2023-11-19T21:20:49.101+0000] {taskinstance.py:1159} INFO - Dependencies all met for dep_context=non-requeueable deps ti=<TaskInstance: outcomes_dag.transform scheduled__2023-11-18T00:00:00+00:00 [queued]>
[2023-11-19T21:20:49.104+0000] {taskinstance.py:1159} INFO - Dependencies all met for dep_context=requeueable deps ti=<TaskInstance: outcomes_dag.transform scheduled__2023-11-18T00:00:00+00:00 [queued]>
[2023-11-19T21:20:49.105+0000] {taskinstance.py:1361} INFO - Starting attempt 1 of 1
[2023-11-19T21:20:49.109+0000] {taskinstance.py:1382} INFO - Executing <Task(PythonOperator): transform> on 2023-11-18 00:00:00+00:00
[2023-11-19T21:20:49.113+0000] {standard_task_runner.py:57} INFO - Started process 82 to run task
[2023-11-19T21:20:49.116+0000] {standard_task_runner.py:84} INFO - Running: ['***', 'tasks', 'run', 'outcomes_dag', 'transform', 'scheduled__2023-11-18T00:00:00+00:00', '--job-id', '7', '--raw', '--subdir', 'DAGS_FOLDER/outcomes_dag.py', '--cfg-path', '/tmp/tmpfrc0a12o']
[2023-11-19T21:20:49.118+0000] {standard_task_runner.py:85} INFO - Job 7: Subtask transform
[2023-11-19T21:20:49.149+0000] {task_command.py:416} INFO - Running <TaskInstance: outcomes_dag.transform scheduled__2023-11-18T00:00:00+00:00 [running]> on host 33e2059faeb6
[2023-11-19T21:20:49.188+0000] {taskinstance.py:1662} INFO - Exporting env vars: AIRFLOW_CTX_DAG_OWNER='***' AIRFLOW_CTX_DAG_ID='outcomes_dag' AIRFLOW_CTX_TASK_ID='transform' AIRFLOW_CTX_EXECUTION_DATE='2023-11-18T00:00:00+00:00' AIRFLOW_CTX_TRY_NUMBER='1' AIRFLOW_CTX_DAG_RUN_ID='scheduled__2023-11-18T00:00:00+00:00'
[2023-11-19T21:20:52.518+0000] {python.py:194} INFO - Done. Returned value was: None
[2023-11-19T21:20:52.528+0000] {taskinstance.py:1400} INFO - Marking task as SUCCESS. dag_id=outcomes_dag, task_id=transform, execution_date=20231118T000000, start_date=20231119T212049, end_date=20231119T212052
[2023-11-19T21:20:52.548+0000] {local_task_job_runner.py:228} INFO - Task exited with return code 0
[2023-11-19T21:31:15.023+0000] {taskinstance.py:1159} INFO - Dependencies all met for dep_context=non-requeueable deps ti=<TaskInstance: outcomes_dag.transform scheduled__2023-11-18T00:00:00+00:00 [queued]>
[2023-11-19T21:31:15.027+0000] {taskinstance.py:1159} INFO - Dependencies all met for dep_context=requeueable deps ti=<TaskInstance: outcomes_dag.transform scheduled__2023-11-18T00:00:00+00:00 [queued]>
[2023-11-19T21:31:15.027+0000] {taskinstance.py:1361} INFO - Starting attempt 1 of 1
[2023-11-19T21:31:15.032+0000] {taskinstance.py:1382} INFO - Executing <Task(PythonOperator): transform> on 2023-11-18 00:00:00+00:00
[2023-11-19T21:31:15.036+0000] {standard_task_runner.py:57} INFO - Started process 82 to run task
[2023-11-19T21:31:15.040+0000] {standard_task_runner.py:84} INFO - Running: ['***', 'tasks', 'run', 'outcomes_dag', 'transform', 'scheduled__2023-11-18T00:00:00+00:00', '--job-id', '7', '--raw', '--subdir', 'DAGS_FOLDER/outcomes_dag.py', '--cfg-path', '/tmp/tmp7zfk9grr']
[2023-11-19T21:31:15.042+0000] {standard_task_runner.py:85} INFO - Job 7: Subtask transform
[2023-11-19T21:31:15.072+0000] {task_command.py:416} INFO - Running <TaskInstance: outcomes_dag.transform scheduled__2023-11-18T00:00:00+00:00 [running]> on host bceb2bfddd0e
[2023-11-19T21:31:15.113+0000] {taskinstance.py:1662} INFO - Exporting env vars: AIRFLOW_CTX_DAG_OWNER='***' AIRFLOW_CTX_DAG_ID='outcomes_dag' AIRFLOW_CTX_TASK_ID='transform' AIRFLOW_CTX_EXECUTION_DATE='2023-11-18T00:00:00+00:00' AIRFLOW_CTX_TRY_NUMBER='1' AIRFLOW_CTX_DAG_RUN_ID='scheduled__2023-11-18T00:00:00+00:00'
[2023-11-19T21:31:16.629+0000] {python.py:194} INFO - Done. Returned value was: None
[2023-11-19T21:31:16.655+0000] {taskinstance.py:1400} INFO - Marking task as SUCCESS. dag_id=outcomes_dag, task_id=transform, execution_date=20231118T000000, start_date=20231119T213115, end_date=20231119T213116
[2023-11-19T21:31:16.686+0000] {local_task_job_runner.py:228} INFO - Task exited with return code 0
[2023-11-20T17:17:46.811+0000] {taskinstance.py:1159} INFO - Dependencies all met for dep_context=non-requeueable deps ti=<TaskInstance: outcomes_dag.transform scheduled__2023-11-18T00:00:00+00:00 [queued]>
[2023-11-20T17:17:46.816+0000] {taskinstance.py:1159} INFO - Dependencies all met for dep_context=requeueable deps ti=<TaskInstance: outcomes_dag.transform scheduled__2023-11-18T00:00:00+00:00 [queued]>
[2023-11-20T17:17:46.816+0000] {taskinstance.py:1361} INFO - Starting attempt 1 of 1
[2023-11-20T17:17:46.824+0000] {taskinstance.py:1382} INFO - Executing <Task(PythonOperator): transform> on 2023-11-18 00:00:00+00:00
[2023-11-20T17:17:46.831+0000] {standard_task_runner.py:57} INFO - Started process 111 to run task
[2023-11-20T17:17:46.835+0000] {standard_task_runner.py:84} INFO - Running: ['***', 'tasks', 'run', 'outcomes_dag', 'transform', 'scheduled__2023-11-18T00:00:00+00:00', '--job-id', '9', '--raw', '--subdir', 'DAGS_FOLDER/outcomes_dag.py', '--cfg-path', '/tmp/tmpqigmomlz']
[2023-11-20T17:17:46.838+0000] {standard_task_runner.py:85} INFO - Job 9: Subtask transform
[2023-11-20T17:17:46.886+0000] {task_command.py:416} INFO - Running <TaskInstance: outcomes_dag.transform scheduled__2023-11-18T00:00:00+00:00 [running]> on host c82b86fb091d
[2023-11-20T17:17:46.931+0000] {taskinstance.py:1662} INFO - Exporting env vars: AIRFLOW_CTX_DAG_OWNER='***' AIRFLOW_CTX_DAG_ID='outcomes_dag' AIRFLOW_CTX_TASK_ID='transform' AIRFLOW_CTX_EXECUTION_DATE='2023-11-18T00:00:00+00:00' AIRFLOW_CTX_TRY_NUMBER='1' AIRFLOW_CTX_DAG_RUN_ID='scheduled__2023-11-18T00:00:00+00:00'
[2023-11-20T17:17:48.917+0000] {python.py:194} INFO - Done. Returned value was: None
[2023-11-20T17:17:48.926+0000] {taskinstance.py:1400} INFO - Marking task as SUCCESS. dag_id=outcomes_dag, task_id=transform, execution_date=20231118T000000, start_date=20231120T171746, end_date=20231120T171748
[2023-11-20T17:17:48.948+0000] {local_task_job_runner.py:228} INFO - Task exited with return code 0
