[2023-11-20T00:24:21.227+0000] {taskinstance.py:1159} INFO - Dependencies all met for dep_context=non-requeueable deps ti=<TaskInstance: outcomes_dag.extract scheduled__2023-11-19T00:00:00+00:00 [queued]>
[2023-11-20T00:24:21.230+0000] {taskinstance.py:1159} INFO - Dependencies all met for dep_context=requeueable deps ti=<TaskInstance: outcomes_dag.extract scheduled__2023-11-19T00:00:00+00:00 [queued]>
[2023-11-20T00:24:21.231+0000] {taskinstance.py:1361} INFO - Starting attempt 1 of 1
[2023-11-20T00:24:21.236+0000] {taskinstance.py:1382} INFO - Executing <Task(BashOperator): extract> on 2023-11-19 00:00:00+00:00
[2023-11-20T00:24:21.240+0000] {standard_task_runner.py:57} INFO - Started process 646 to run task
[2023-11-20T00:24:21.242+0000] {standard_task_runner.py:84} INFO - Running: ['***', 'tasks', 'run', 'outcomes_dag', 'extract', 'scheduled__2023-11-19T00:00:00+00:00', '--job-id', '20', '--raw', '--subdir', 'DAGS_FOLDER/outcomes_dag.py', '--cfg-path', '/tmp/tmpthamfzju']
[2023-11-20T00:24:21.244+0000] {standard_task_runner.py:85} INFO - Job 20: Subtask extract
[2023-11-20T00:24:21.273+0000] {task_command.py:416} INFO - Running <TaskInstance: outcomes_dag.extract scheduled__2023-11-19T00:00:00+00:00 [running]> on host bceb2bfddd0e
[2023-11-20T00:24:21.315+0000] {taskinstance.py:1662} INFO - Exporting env vars: AIRFLOW_CTX_DAG_OWNER='***' AIRFLOW_CTX_DAG_ID='outcomes_dag' AIRFLOW_CTX_TASK_ID='extract' AIRFLOW_CTX_EXECUTION_DATE='2023-11-19T00:00:00+00:00' AIRFLOW_CTX_TRY_NUMBER='1' AIRFLOW_CTX_DAG_RUN_ID='scheduled__2023-11-19T00:00:00+00:00'
[2023-11-20T00:24:21.316+0000] {subprocess.py:63} INFO - Tmp dir root location: /tmp
[2023-11-20T00:24:21.316+0000] {subprocess.py:75} INFO - Running command: ['/bin/bash', '-c', 'curl --create-dirs -o /opt/***/data/2023-11-19/downloads/outcomes_2023-11-19.csv https://data.austintexas.gov/api/views/9t4d-g238/rows.csv?date=20231118&accessType=DOWNLOAD']
[2023-11-20T00:24:21.323+0000] {subprocess.py:86} INFO - Output:
[2023-11-20T00:24:21.331+0000] {subprocess.py:93} INFO -   % Total    % Received % Xferd  Average Speed   Time    Time     Time  Current
[2023-11-20T00:24:21.331+0000] {subprocess.py:93} INFO -                                  Dload  Upload   Total   Spent    Left  Speed
[2023-11-20T00:24:21.446+0000] {subprocess.py:93} INFO -   0     0    0     0    0     0      0      0 --:--:-- --:--:-- --:--:--     0curl: (6) Could not resolve host: data.austintexas.gov
[2023-11-20T00:24:21.447+0000] {subprocess.py:97} INFO - Command exited with return code 0
[2023-11-20T00:24:21.467+0000] {taskinstance.py:1400} INFO - Marking task as SUCCESS. dag_id=outcomes_dag, task_id=extract, execution_date=20231119T000000, start_date=20231120T002421, end_date=20231120T002421
[2023-11-20T00:24:21.495+0000] {local_task_job_runner.py:228} INFO - Task exited with return code 0
[2023-11-20T00:24:21.511+0000] {taskinstance.py:2778} INFO - 0 downstream tasks scheduled from follow-on schedule check
[2023-11-20T17:17:43.648+0000] {taskinstance.py:1159} INFO - Dependencies all met for dep_context=non-requeueable deps ti=<TaskInstance: outcomes_dag.extract scheduled__2023-11-19T00:00:00+00:00 [queued]>
[2023-11-20T17:17:43.658+0000] {taskinstance.py:1159} INFO - Dependencies all met for dep_context=requeueable deps ti=<TaskInstance: outcomes_dag.extract scheduled__2023-11-19T00:00:00+00:00 [queued]>
[2023-11-20T17:17:43.659+0000] {taskinstance.py:1361} INFO - Starting attempt 1 of 1
[2023-11-20T17:17:43.674+0000] {taskinstance.py:1382} INFO - Executing <Task(BashOperator): extract> on 2023-11-19 00:00:00+00:00
[2023-11-20T17:17:43.681+0000] {standard_task_runner.py:57} INFO - Started process 89 to run task
[2023-11-20T17:17:43.690+0000] {standard_task_runner.py:84} INFO - Running: ['***', 'tasks', 'run', 'outcomes_dag', 'extract', 'scheduled__2023-11-19T00:00:00+00:00', '--job-id', '6', '--raw', '--subdir', 'DAGS_FOLDER/outcomes_dag.py', '--cfg-path', '/tmp/tmp_s2tync0']
[2023-11-20T17:17:43.695+0000] {standard_task_runner.py:85} INFO - Job 6: Subtask extract
[2023-11-20T17:17:43.758+0000] {task_command.py:416} INFO - Running <TaskInstance: outcomes_dag.extract scheduled__2023-11-19T00:00:00+00:00 [running]> on host c82b86fb091d
[2023-11-20T17:17:43.879+0000] {taskinstance.py:1662} INFO - Exporting env vars: AIRFLOW_CTX_DAG_OWNER='***' AIRFLOW_CTX_DAG_ID='outcomes_dag' AIRFLOW_CTX_TASK_ID='extract' AIRFLOW_CTX_EXECUTION_DATE='2023-11-19T00:00:00+00:00' AIRFLOW_CTX_TRY_NUMBER='1' AIRFLOW_CTX_DAG_RUN_ID='scheduled__2023-11-19T00:00:00+00:00'
[2023-11-20T17:17:43.881+0000] {subprocess.py:63} INFO - Tmp dir root location: /tmp
[2023-11-20T17:17:43.881+0000] {subprocess.py:75} INFO - Running command: ['/bin/bash', '-c', 'curl --create-dirs -o /opt/***/data/2023-11-19/downloads/outcomes_2023-11-19.csv https://data.austintexas.gov/api/views/9t4d-g238/rows.csv?date=20231118&accessType=DOWNLOAD']
[2023-11-20T17:17:43.893+0000] {subprocess.py:86} INFO - Output:
[2023-11-20T17:17:43.904+0000] {subprocess.py:93} INFO -   % Total    % Received % Xferd  Average Speed   Time    Time     Time  Current
[2023-11-20T17:17:43.906+0000] {subprocess.py:93} INFO -                                  Dload  Upload   Total   Spent    Left  Speed
[2023-11-20T17:17:50.891+0000] {subprocess.py:93} INFO -   0     0    0     0    0     0      0      0 --:--:-- --:--:-- --:--:--     0  0     0    0     0    0     0      0      0 --:--:--  0:00:01 --:--:--     0  0     0    0     0    0     0      0      0 --:--:--  0:00:01 --:--:--     0100 2910k    0 2910k    0     0  1175k      0 --:--:--  0:00:02 --:--:-- 1174k100 6318k    0 6318k    0     0  1809k      0 --:--:--  0:00:03 --:--:-- 1809k100  9.8M    0  9.8M    0     0  2251k      0 --:--:--  0:00:04 --:--:-- 2251k100 13.5M    0 13.5M    0     0  2526k      0 --:--:--  0:00:05 --:--:-- 3321k100 17.1M    0 17.1M    0     0  2703k      0 --:--:--  0:00:06 --:--:-- 3647k100 19.0M    0 19.0M    0     0  2787k      0 --:--:--  0:00:06 --:--:-- 3674k
[2023-11-20T17:17:50.897+0000] {subprocess.py:97} INFO - Command exited with return code 0
[2023-11-20T17:17:51.021+0000] {taskinstance.py:1400} INFO - Marking task as SUCCESS. dag_id=outcomes_dag, task_id=extract, execution_date=20231119T000000, start_date=20231120T171743, end_date=20231120T171751
[2023-11-20T17:17:51.122+0000] {local_task_job_runner.py:228} INFO - Task exited with return code 0
[2023-11-20T17:17:51.162+0000] {taskinstance.py:2778} INFO - 0 downstream tasks scheduled from follow-on schedule check
