[2023-11-25T03:57:21.165+0000] {taskinstance.py:1159} INFO - Dependencies all met for dep_context=non-requeueable deps ti=<TaskInstance: outcomes_dag.load_outcome_types_dim scheduled__2023-11-24T00:00:00+00:00 [queued]>
[2023-11-25T03:57:21.170+0000] {taskinstance.py:1159} INFO - Dependencies all met for dep_context=requeueable deps ti=<TaskInstance: outcomes_dag.load_outcome_types_dim scheduled__2023-11-24T00:00:00+00:00 [queued]>
[2023-11-25T03:57:21.171+0000] {taskinstance.py:1361} INFO - Starting attempt 1 of 1
[2023-11-25T03:57:21.178+0000] {taskinstance.py:1382} INFO - Executing <Task(PythonOperator): load_outcome_types_dim> on 2023-11-24 00:00:00+00:00
[2023-11-25T03:57:21.185+0000] {standard_task_runner.py:57} INFO - Started process 105 to run task
[2023-11-25T03:57:21.197+0000] {standard_task_runner.py:84} INFO - Running: ['***', 'tasks', 'run', 'outcomes_dag', 'load_outcome_types_dim', 'scheduled__2023-11-24T00:00:00+00:00', '--job-id', '10', '--raw', '--subdir', 'DAGS_FOLDER/outcomes_dag.py', '--cfg-path', '/tmp/tmphnn7ozu1']
[2023-11-25T03:57:21.205+0000] {standard_task_runner.py:85} INFO - Job 10: Subtask load_outcome_types_dim
[2023-11-25T03:57:21.265+0000] {task_command.py:416} INFO - Running <TaskInstance: outcomes_dag.load_outcome_types_dim scheduled__2023-11-24T00:00:00+00:00 [running]> on host 249ddc905274
[2023-11-25T03:57:21.323+0000] {taskinstance.py:1662} INFO - Exporting env vars: AIRFLOW_CTX_DAG_OWNER='***' AIRFLOW_CTX_DAG_ID='outcomes_dag' AIRFLOW_CTX_TASK_ID='load_outcome_types_dim' AIRFLOW_CTX_EXECUTION_DATE='2023-11-24T00:00:00+00:00' AIRFLOW_CTX_TRY_NUMBER='1' AIRFLOW_CTX_DAG_RUN_ID='scheduled__2023-11-24T00:00:00+00:00'
[2023-11-25T03:57:24.036+0000] {logging_mixin.py:154} INFO - dim_outcome_types loaded
[2023-11-25T03:57:24.038+0000] {python.py:194} INFO - Done. Returned value was: None
[2023-11-25T03:57:24.055+0000] {taskinstance.py:1400} INFO - Marking task as SUCCESS. dag_id=outcomes_dag, task_id=load_outcome_types_dim, execution_date=20231124T000000, start_date=20231125T035721, end_date=20231125T035724
[2023-11-25T03:57:24.089+0000] {local_task_job_runner.py:228} INFO - Task exited with return code 0
[2023-11-25T04:56:11.001+0000] {taskinstance.py:1159} INFO - Dependencies all met for dep_context=non-requeueable deps ti=<TaskInstance: outcomes_dag.load_outcome_types_dim scheduled__2023-11-24T00:00:00+00:00 [queued]>
[2023-11-25T04:56:11.006+0000] {taskinstance.py:1159} INFO - Dependencies all met for dep_context=requeueable deps ti=<TaskInstance: outcomes_dag.load_outcome_types_dim scheduled__2023-11-24T00:00:00+00:00 [queued]>
[2023-11-25T04:56:11.006+0000] {taskinstance.py:1361} INFO - Starting attempt 1 of 1
[2023-11-25T04:56:11.013+0000] {taskinstance.py:1382} INFO - Executing <Task(PythonOperator): load_outcome_types_dim> on 2023-11-24 00:00:00+00:00
[2023-11-25T04:56:11.017+0000] {standard_task_runner.py:57} INFO - Started process 98 to run task
[2023-11-25T04:56:11.025+0000] {standard_task_runner.py:84} INFO - Running: ['***', 'tasks', 'run', 'outcomes_dag', 'load_outcome_types_dim', 'scheduled__2023-11-24T00:00:00+00:00', '--job-id', '8', '--raw', '--subdir', 'DAGS_FOLDER/outcomes_dag.py', '--cfg-path', '/tmp/tmp5ocx94hq']
[2023-11-25T04:56:11.028+0000] {standard_task_runner.py:85} INFO - Job 8: Subtask load_outcome_types_dim
[2023-11-25T04:56:11.071+0000] {task_command.py:416} INFO - Running <TaskInstance: outcomes_dag.load_outcome_types_dim scheduled__2023-11-24T00:00:00+00:00 [running]> on host 9c18922f4e6b
[2023-11-25T04:56:11.114+0000] {taskinstance.py:1662} INFO - Exporting env vars: AIRFLOW_CTX_DAG_OWNER='***' AIRFLOW_CTX_DAG_ID='outcomes_dag' AIRFLOW_CTX_TASK_ID='load_outcome_types_dim' AIRFLOW_CTX_EXECUTION_DATE='2023-11-24T00:00:00+00:00' AIRFLOW_CTX_TRY_NUMBER='1' AIRFLOW_CTX_DAG_RUN_ID='scheduled__2023-11-24T00:00:00+00:00'
[2023-11-25T04:56:12.737+0000] {logging_mixin.py:154} INFO - outcome_dim loaded
[2023-11-25T04:56:12.740+0000] {python.py:194} INFO - Done. Returned value was: None
[2023-11-25T04:56:12.757+0000] {taskinstance.py:1400} INFO - Marking task as SUCCESS. dag_id=outcomes_dag, task_id=load_outcome_types_dim, execution_date=20231124T000000, start_date=20231125T045611, end_date=20231125T045612
[2023-11-25T04:56:12.785+0000] {local_task_job_runner.py:228} INFO - Task exited with return code 0
[2023-11-25T04:56:12.800+0000] {taskinstance.py:2778} INFO - 0 downstream tasks scheduled from follow-on schedule check
[2023-11-25T08:45:01.480+0000] {taskinstance.py:1159} INFO - Dependencies all met for dep_context=non-requeueable deps ti=<TaskInstance: outcomes_dag.load_outcome_types_dim scheduled__2023-11-24T00:00:00+00:00 [queued]>
[2023-11-25T08:45:01.484+0000] {taskinstance.py:1159} INFO - Dependencies all met for dep_context=requeueable deps ti=<TaskInstance: outcomes_dag.load_outcome_types_dim scheduled__2023-11-24T00:00:00+00:00 [queued]>
[2023-11-25T08:45:01.484+0000] {taskinstance.py:1361} INFO - Starting attempt 1 of 1
[2023-11-25T08:45:01.489+0000] {taskinstance.py:1382} INFO - Executing <Task(PythonOperator): load_outcome_types_dim> on 2023-11-24 00:00:00+00:00
[2023-11-25T08:45:01.495+0000] {standard_task_runner.py:57} INFO - Started process 94 to run task
[2023-11-25T08:45:01.501+0000] {standard_task_runner.py:84} INFO - Running: ['***', 'tasks', 'run', 'outcomes_dag', 'load_outcome_types_dim', 'scheduled__2023-11-24T00:00:00+00:00', '--job-id', '8', '--raw', '--subdir', 'DAGS_FOLDER/outcomes_dag.py', '--cfg-path', '/tmp/tmpikrz5gvz']
[2023-11-25T08:45:01.504+0000] {standard_task_runner.py:85} INFO - Job 8: Subtask load_outcome_types_dim
[2023-11-25T08:45:01.554+0000] {task_command.py:416} INFO - Running <TaskInstance: outcomes_dag.load_outcome_types_dim scheduled__2023-11-24T00:00:00+00:00 [running]> on host 2386755a61be
[2023-11-25T08:45:01.601+0000] {taskinstance.py:1662} INFO - Exporting env vars: AIRFLOW_CTX_DAG_OWNER='***' AIRFLOW_CTX_DAG_ID='outcomes_dag' AIRFLOW_CTX_TASK_ID='load_outcome_types_dim' AIRFLOW_CTX_EXECUTION_DATE='2023-11-24T00:00:00+00:00' AIRFLOW_CTX_TRY_NUMBER='1' AIRFLOW_CTX_DAG_RUN_ID='scheduled__2023-11-24T00:00:00+00:00'
[2023-11-25T08:45:03.312+0000] {logging_mixin.py:154} INFO - outcome_dim loaded
[2023-11-25T08:45:03.316+0000] {python.py:194} INFO - Done. Returned value was: None
[2023-11-25T08:45:03.330+0000] {taskinstance.py:1400} INFO - Marking task as SUCCESS. dag_id=outcomes_dag, task_id=load_outcome_types_dim, execution_date=20231124T000000, start_date=20231125T084501, end_date=20231125T084503
[2023-11-25T08:45:03.374+0000] {local_task_job_runner.py:228} INFO - Task exited with return code 0
[2023-11-25T08:47:58.891+0000] {taskinstance.py:1159} INFO - Dependencies all met for dep_context=non-requeueable deps ti=<TaskInstance: outcomes_dag.load_outcome_types_dim scheduled__2023-11-24T00:00:00+00:00 [queued]>
[2023-11-25T08:47:58.895+0000] {taskinstance.py:1159} INFO - Dependencies all met for dep_context=requeueable deps ti=<TaskInstance: outcomes_dag.load_outcome_types_dim scheduled__2023-11-24T00:00:00+00:00 [queued]>
[2023-11-25T08:47:58.895+0000] {taskinstance.py:1361} INFO - Starting attempt 1 of 1
[2023-11-25T08:47:58.902+0000] {taskinstance.py:1382} INFO - Executing <Task(PythonOperator): load_outcome_types_dim> on 2023-11-24 00:00:00+00:00
[2023-11-25T08:47:58.906+0000] {standard_task_runner.py:57} INFO - Started process 85 to run task
[2023-11-25T08:47:58.909+0000] {standard_task_runner.py:84} INFO - Running: ['***', 'tasks', 'run', 'outcomes_dag', 'load_outcome_types_dim', 'scheduled__2023-11-24T00:00:00+00:00', '--job-id', '7', '--raw', '--subdir', 'DAGS_FOLDER/outcomes_dag.py', '--cfg-path', '/tmp/tmpuvmvmhoy']
[2023-11-25T08:47:58.912+0000] {standard_task_runner.py:85} INFO - Job 7: Subtask load_outcome_types_dim
[2023-11-25T08:47:58.958+0000] {task_command.py:416} INFO - Running <TaskInstance: outcomes_dag.load_outcome_types_dim scheduled__2023-11-24T00:00:00+00:00 [running]> on host 032cc147d54c
[2023-11-25T08:47:59.001+0000] {taskinstance.py:1662} INFO - Exporting env vars: AIRFLOW_CTX_DAG_OWNER='***' AIRFLOW_CTX_DAG_ID='outcomes_dag' AIRFLOW_CTX_TASK_ID='load_outcome_types_dim' AIRFLOW_CTX_EXECUTION_DATE='2023-11-24T00:00:00+00:00' AIRFLOW_CTX_TRY_NUMBER='1' AIRFLOW_CTX_DAG_RUN_ID='scheduled__2023-11-24T00:00:00+00:00'
[2023-11-25T08:48:03.487+0000] {logging_mixin.py:154} INFO - outcome_dim loaded
[2023-11-25T08:48:03.489+0000] {python.py:194} INFO - Done. Returned value was: None
[2023-11-25T08:48:03.515+0000] {taskinstance.py:1400} INFO - Marking task as SUCCESS. dag_id=outcomes_dag, task_id=load_outcome_types_dim, execution_date=20231124T000000, start_date=20231125T084758, end_date=20231125T084803
[2023-11-25T08:48:03.582+0000] {local_task_job_runner.py:228} INFO - Task exited with return code 0
