[2023-11-19T06:28:39.768+0000] {taskinstance.py:1159} INFO - Dependencies all met for dep_context=non-requeueable deps ti=<TaskInstance: outcomes_dag.load_outcomes_fct scheduled__2023-11-18T00:00:00+00:00 [queued]>
[2023-11-19T06:28:39.773+0000] {taskinstance.py:1159} INFO - Dependencies all met for dep_context=requeueable deps ti=<TaskInstance: outcomes_dag.load_outcomes_fct scheduled__2023-11-18T00:00:00+00:00 [queued]>
[2023-11-19T06:28:39.773+0000] {taskinstance.py:1361} INFO - Starting attempt 1 of 1
[2023-11-19T06:28:39.779+0000] {taskinstance.py:1382} INFO - Executing <Task(PythonOperator): load_outcomes_fct> on 2023-11-18 00:00:00+00:00
[2023-11-19T06:28:39.783+0000] {standard_task_runner.py:57} INFO - Started process 150 to run task
[2023-11-19T06:28:39.786+0000] {standard_task_runner.py:84} INFO - Running: ['***', 'tasks', 'run', 'outcomes_dag', 'load_outcomes_fct', 'scheduled__2023-11-18T00:00:00+00:00', '--job-id', '13', '--raw', '--subdir', 'DAGS_FOLDER/outcomes_dag.py', '--cfg-path', '/tmp/tmpjlrbzk67']
[2023-11-19T06:28:39.789+0000] {standard_task_runner.py:85} INFO - Job 13: Subtask load_outcomes_fct
[2023-11-19T06:28:39.847+0000] {task_command.py:416} INFO - Running <TaskInstance: outcomes_dag.load_outcomes_fct scheduled__2023-11-18T00:00:00+00:00 [running]> on host 8c758415f3b2
[2023-11-19T06:28:40.168+0000] {taskinstance.py:1662} INFO - Exporting env vars: AIRFLOW_CTX_DAG_OWNER='***' AIRFLOW_CTX_DAG_ID='outcomes_dag' AIRFLOW_CTX_TASK_ID='load_outcomes_fct' AIRFLOW_CTX_EXECUTION_DATE='2023-11-18T00:00:00+00:00' AIRFLOW_CTX_TRY_NUMBER='1' AIRFLOW_CTX_DAG_RUN_ID='scheduled__2023-11-18T00:00:00+00:00'
[2023-11-19T06:28:42.626+0000] {logging_mixin.py:154} INFO - fct_outcomes loaded
[2023-11-19T06:28:42.627+0000] {python.py:194} INFO - Done. Returned value was: None
[2023-11-19T06:28:42.636+0000] {taskinstance.py:1400} INFO - Marking task as SUCCESS. dag_id=outcomes_dag, task_id=load_outcomes_fct, execution_date=20231118T000000, start_date=20231119T062839, end_date=20231119T062842
[2023-11-19T06:28:42.699+0000] {local_task_job_runner.py:228} INFO - Task exited with return code 0
[2023-11-19T06:28:42.722+0000] {taskinstance.py:2778} INFO - 0 downstream tasks scheduled from follow-on schedule check
[2023-11-19T07:33:19.939+0000] {taskinstance.py:1159} INFO - Dependencies all met for dep_context=non-requeueable deps ti=<TaskInstance: outcomes_dag.load_outcomes_fct scheduled__2023-11-18T00:00:00+00:00 [queued]>
[2023-11-19T07:33:19.943+0000] {taskinstance.py:1159} INFO - Dependencies all met for dep_context=requeueable deps ti=<TaskInstance: outcomes_dag.load_outcomes_fct scheduled__2023-11-18T00:00:00+00:00 [queued]>
[2023-11-19T07:33:19.943+0000] {taskinstance.py:1361} INFO - Starting attempt 1 of 1
[2023-11-19T07:33:19.948+0000] {taskinstance.py:1382} INFO - Executing <Task(PythonOperator): load_outcomes_fct> on 2023-11-18 00:00:00+00:00
[2023-11-19T07:33:19.951+0000] {standard_task_runner.py:57} INFO - Started process 176 to run task
[2023-11-19T07:33:19.954+0000] {standard_task_runner.py:84} INFO - Running: ['***', 'tasks', 'run', 'outcomes_dag', 'load_outcomes_fct', 'scheduled__2023-11-18T00:00:00+00:00', '--job-id', '17', '--raw', '--subdir', 'DAGS_FOLDER/outcomes_dag.py', '--cfg-path', '/tmp/tmpns9q3onx']
[2023-11-19T07:33:19.957+0000] {standard_task_runner.py:85} INFO - Job 17: Subtask load_outcomes_fct
[2023-11-19T07:33:19.990+0000] {task_command.py:416} INFO - Running <TaskInstance: outcomes_dag.load_outcomes_fct scheduled__2023-11-18T00:00:00+00:00 [running]> on host 13403f191858
[2023-11-19T07:33:20.195+0000] {taskinstance.py:1662} INFO - Exporting env vars: AIRFLOW_CTX_DAG_OWNER='***' AIRFLOW_CTX_DAG_ID='outcomes_dag' AIRFLOW_CTX_TASK_ID='load_outcomes_fct' AIRFLOW_CTX_EXECUTION_DATE='2023-11-18T00:00:00+00:00' AIRFLOW_CTX_TRY_NUMBER='1' AIRFLOW_CTX_DAG_RUN_ID='scheduled__2023-11-18T00:00:00+00:00'
[2023-11-19T07:33:22.164+0000] {logging_mixin.py:154} INFO - fct_outcomes loaded
[2023-11-19T07:33:22.164+0000] {python.py:194} INFO - Done. Returned value was: None
[2023-11-19T07:33:22.172+0000] {taskinstance.py:1400} INFO - Marking task as SUCCESS. dag_id=outcomes_dag, task_id=load_outcomes_fct, execution_date=20231118T000000, start_date=20231119T073319, end_date=20231119T073322
[2023-11-19T07:33:22.200+0000] {local_task_job_runner.py:228} INFO - Task exited with return code 0
[2023-11-19T07:33:22.212+0000] {taskinstance.py:2778} INFO - 0 downstream tasks scheduled from follow-on schedule check
[2023-11-19T09:32:53.295+0000] {taskinstance.py:1159} INFO - Dependencies all met for dep_context=non-requeueable deps ti=<TaskInstance: outcomes_dag.load_outcomes_fct scheduled__2023-11-18T00:00:00+00:00 [queued]>
[2023-11-19T09:32:53.312+0000] {taskinstance.py:1159} INFO - Dependencies all met for dep_context=requeueable deps ti=<TaskInstance: outcomes_dag.load_outcomes_fct scheduled__2023-11-18T00:00:00+00:00 [queued]>
[2023-11-19T09:32:53.313+0000] {taskinstance.py:1361} INFO - Starting attempt 1 of 1
[2023-11-19T09:32:53.369+0000] {taskinstance.py:1382} INFO - Executing <Task(PythonOperator): load_outcomes_fct> on 2023-11-18 00:00:00+00:00
[2023-11-19T09:32:53.377+0000] {standard_task_runner.py:57} INFO - Started process 91 to run task
[2023-11-19T09:32:53.390+0000] {standard_task_runner.py:84} INFO - Running: ['***', 'tasks', 'run', 'outcomes_dag', 'load_outcomes_fct', 'scheduled__2023-11-18T00:00:00+00:00', '--job-id', '3', '--raw', '--subdir', 'DAGS_FOLDER/outcomes_dag.py', '--cfg-path', '/tmp/tmprs1awrv0']
[2023-11-19T09:32:53.407+0000] {standard_task_runner.py:85} INFO - Job 3: Subtask load_outcomes_fct
[2023-11-19T09:32:53.592+0000] {task_command.py:416} INFO - Running <TaskInstance: outcomes_dag.load_outcomes_fct scheduled__2023-11-18T00:00:00+00:00 [running]> on host 696613a1ef55
[2023-11-19T09:32:53.855+0000] {taskinstance.py:1662} INFO - Exporting env vars: AIRFLOW_CTX_DAG_OWNER='***' AIRFLOW_CTX_DAG_ID='outcomes_dag' AIRFLOW_CTX_TASK_ID='load_outcomes_fct' AIRFLOW_CTX_EXECUTION_DATE='2023-11-18T00:00:00+00:00' AIRFLOW_CTX_TRY_NUMBER='1' AIRFLOW_CTX_DAG_RUN_ID='scheduled__2023-11-18T00:00:00+00:00'
[2023-11-19T09:32:53.969+0000] {taskinstance.py:1937} ERROR - Task failed with exception
Traceback (most recent call last):
  File "/home/airflow/.local/lib/python3.8/site-packages/airflow/operators/python.py", line 192, in execute
    return_value = self.execute_callable()
  File "/home/airflow/.local/lib/python3.8/site-packages/airflow/operators/python.py", line 209, in execute_callable
    return self.python_callable(*self.op_args, **self.op_kwargs)
  File "/opt/airflow/dags/etl_scripts/load.py", line 32, in load_fact_data
    pd.read_parquet(table_file).to_sql(table_name, conn, if_exists="replace", index=False,)
  File "/home/airflow/.local/lib/python3.8/site-packages/pandas/io/parquet.py", line 509, in read_parquet
    return impl.read(
  File "/home/airflow/.local/lib/python3.8/site-packages/pandas/io/parquet.py", line 220, in read
    path_or_handle, handles, kwargs["filesystem"] = _get_path_or_handle(
  File "/home/airflow/.local/lib/python3.8/site-packages/pandas/io/parquet.py", line 110, in _get_path_or_handle
    handles = get_handle(
  File "/home/airflow/.local/lib/python3.8/site-packages/pandas/io/common.py", line 868, in get_handle
    handle = open(handle, ioargs.mode)
FileNotFoundError: [Errno 2] No such file or directory: '/opt/airflow/data/2023-11-18/processed/fct_outcomes.parquet'
[2023-11-19T09:32:54.034+0000] {taskinstance.py:1400} INFO - Marking task as FAILED. dag_id=outcomes_dag, task_id=load_outcomes_fct, execution_date=20231118T000000, start_date=20231119T093253, end_date=20231119T093254
[2023-11-19T09:32:54.092+0000] {standard_task_runner.py:104} ERROR - Failed to execute job 3 for task load_outcomes_fct ([Errno 2] No such file or directory: '/opt/airflow/data/2023-11-18/processed/fct_outcomes.parquet'; 91)
[2023-11-19T09:32:54.175+0000] {local_task_job_runner.py:228} INFO - Task exited with return code 1
[2023-11-19T09:32:54.209+0000] {taskinstance.py:2778} INFO - 0 downstream tasks scheduled from follow-on schedule check
[2023-11-19T21:31:21.331+0000] {taskinstance.py:1159} INFO - Dependencies all met for dep_context=non-requeueable deps ti=<TaskInstance: outcomes_dag.load_outcomes_fct scheduled__2023-11-18T00:00:00+00:00 [queued]>
[2023-11-19T21:31:21.335+0000] {taskinstance.py:1159} INFO - Dependencies all met for dep_context=requeueable deps ti=<TaskInstance: outcomes_dag.load_outcomes_fct scheduled__2023-11-18T00:00:00+00:00 [queued]>
[2023-11-19T21:31:21.335+0000] {taskinstance.py:1361} INFO - Starting attempt 1 of 1
[2023-11-19T21:31:21.341+0000] {taskinstance.py:1382} INFO - Executing <Task(PythonOperator): load_outcomes_fct> on 2023-11-18 00:00:00+00:00
[2023-11-19T21:31:21.346+0000] {standard_task_runner.py:57} INFO - Started process 122 to run task
[2023-11-19T21:31:21.350+0000] {standard_task_runner.py:84} INFO - Running: ['***', 'tasks', 'run', 'outcomes_dag', 'load_outcomes_fct', 'scheduled__2023-11-18T00:00:00+00:00', '--job-id', '15', '--raw', '--subdir', 'DAGS_FOLDER/outcomes_dag.py', '--cfg-path', '/tmp/tmp_6o6sckz']
[2023-11-19T21:31:21.353+0000] {standard_task_runner.py:85} INFO - Job 15: Subtask load_outcomes_fct
[2023-11-19T21:31:21.387+0000] {task_command.py:416} INFO - Running <TaskInstance: outcomes_dag.load_outcomes_fct scheduled__2023-11-18T00:00:00+00:00 [running]> on host bceb2bfddd0e
[2023-11-19T21:31:21.438+0000] {taskinstance.py:1662} INFO - Exporting env vars: AIRFLOW_CTX_DAG_OWNER='***' AIRFLOW_CTX_DAG_ID='outcomes_dag' AIRFLOW_CTX_TASK_ID='load_outcomes_fct' AIRFLOW_CTX_EXECUTION_DATE='2023-11-18T00:00:00+00:00' AIRFLOW_CTX_TRY_NUMBER='1' AIRFLOW_CTX_DAG_RUN_ID='scheduled__2023-11-18T00:00:00+00:00'
[2023-11-19T21:31:22.071+0000] {logging_mixin.py:154} INFO - fct_outcomes loaded
[2023-11-19T21:31:22.071+0000] {python.py:194} INFO - Done. Returned value was: None
[2023-11-19T21:31:22.078+0000] {taskinstance.py:1400} INFO - Marking task as SUCCESS. dag_id=outcomes_dag, task_id=load_outcomes_fct, execution_date=20231118T000000, start_date=20231119T213121, end_date=20231119T213122
[2023-11-19T21:31:22.093+0000] {local_task_job_runner.py:228} INFO - Task exited with return code 0
[2023-11-19T21:31:22.110+0000] {taskinstance.py:2778} INFO - 0 downstream tasks scheduled from follow-on schedule check
