[2023-11-25T03:57:21.128+0000] {taskinstance.py:1159} INFO - Dependencies all met for dep_context=non-requeueable deps ti=<TaskInstance: outcomes_dag.load_dates_dim scheduled__2023-11-24T00:00:00+00:00 [queued]>
[2023-11-25T03:57:21.134+0000] {taskinstance.py:1159} INFO - Dependencies all met for dep_context=requeueable deps ti=<TaskInstance: outcomes_dag.load_dates_dim scheduled__2023-11-24T00:00:00+00:00 [queued]>
[2023-11-25T03:57:21.134+0000] {taskinstance.py:1361} INFO - Starting attempt 1 of 1
[2023-11-25T03:57:21.141+0000] {taskinstance.py:1382} INFO - Executing <Task(PythonOperator): load_dates_dim> on 2023-11-24 00:00:00+00:00
[2023-11-25T03:57:21.146+0000] {standard_task_runner.py:57} INFO - Started process 104 to run task
[2023-11-25T03:57:21.151+0000] {standard_task_runner.py:84} INFO - Running: ['***', 'tasks', 'run', 'outcomes_dag', 'load_dates_dim', 'scheduled__2023-11-24T00:00:00+00:00', '--job-id', '9', '--raw', '--subdir', 'DAGS_FOLDER/outcomes_dag.py', '--cfg-path', '/tmp/tmpyikii7ul']
[2023-11-25T03:57:21.153+0000] {standard_task_runner.py:85} INFO - Job 9: Subtask load_dates_dim
[2023-11-25T03:57:21.197+0000] {task_command.py:416} INFO - Running <TaskInstance: outcomes_dag.load_dates_dim scheduled__2023-11-24T00:00:00+00:00 [running]> on host 249ddc905274
[2023-11-25T03:57:21.269+0000] {taskinstance.py:1662} INFO - Exporting env vars: AIRFLOW_CTX_DAG_OWNER='***' AIRFLOW_CTX_DAG_ID='outcomes_dag' AIRFLOW_CTX_TASK_ID='load_dates_dim' AIRFLOW_CTX_EXECUTION_DATE='2023-11-24T00:00:00+00:00' AIRFLOW_CTX_TRY_NUMBER='1' AIRFLOW_CTX_DAG_RUN_ID='scheduled__2023-11-24T00:00:00+00:00'
[2023-11-25T03:57:24.042+0000] {logging_mixin.py:154} INFO - dim_dates loaded
[2023-11-25T03:57:24.044+0000] {python.py:194} INFO - Done. Returned value was: None
[2023-11-25T03:57:24.059+0000] {taskinstance.py:1400} INFO - Marking task as SUCCESS. dag_id=outcomes_dag, task_id=load_dates_dim, execution_date=20231124T000000, start_date=20231125T035721, end_date=20231125T035724
[2023-11-25T03:57:24.089+0000] {local_task_job_runner.py:228} INFO - Task exited with return code 0
[2023-11-25T04:56:10.883+0000] {taskinstance.py:1159} INFO - Dependencies all met for dep_context=non-requeueable deps ti=<TaskInstance: outcomes_dag.load_dates_dim scheduled__2023-11-24T00:00:00+00:00 [queued]>
[2023-11-25T04:56:10.888+0000] {taskinstance.py:1159} INFO - Dependencies all met for dep_context=requeueable deps ti=<TaskInstance: outcomes_dag.load_dates_dim scheduled__2023-11-24T00:00:00+00:00 [queued]>
[2023-11-25T04:56:10.888+0000] {taskinstance.py:1361} INFO - Starting attempt 1 of 1
[2023-11-25T04:56:10.893+0000] {taskinstance.py:1382} INFO - Executing <Task(PythonOperator): load_dates_dim> on 2023-11-24 00:00:00+00:00
[2023-11-25T04:56:10.897+0000] {standard_task_runner.py:57} INFO - Started process 96 to run task
[2023-11-25T04:56:10.901+0000] {standard_task_runner.py:84} INFO - Running: ['***', 'tasks', 'run', 'outcomes_dag', 'load_dates_dim', 'scheduled__2023-11-24T00:00:00+00:00', '--job-id', '6', '--raw', '--subdir', 'DAGS_FOLDER/outcomes_dag.py', '--cfg-path', '/tmp/tmpsg29ec_h']
[2023-11-25T04:56:10.903+0000] {standard_task_runner.py:85} INFO - Job 6: Subtask load_dates_dim
[2023-11-25T04:56:10.943+0000] {task_command.py:416} INFO - Running <TaskInstance: outcomes_dag.load_dates_dim scheduled__2023-11-24T00:00:00+00:00 [running]> on host 9c18922f4e6b
[2023-11-25T04:56:10.997+0000] {taskinstance.py:1662} INFO - Exporting env vars: AIRFLOW_CTX_DAG_OWNER='***' AIRFLOW_CTX_DAG_ID='outcomes_dag' AIRFLOW_CTX_TASK_ID='load_dates_dim' AIRFLOW_CTX_EXECUTION_DATE='2023-11-24T00:00:00+00:00' AIRFLOW_CTX_TRY_NUMBER='1' AIRFLOW_CTX_DAG_RUN_ID='scheduled__2023-11-24T00:00:00+00:00'
[2023-11-25T04:56:12.965+0000] {logging_mixin.py:154} INFO - date_dim loaded
[2023-11-25T04:56:12.965+0000] {python.py:194} INFO - Done. Returned value was: None
[2023-11-25T04:56:12.979+0000] {taskinstance.py:1400} INFO - Marking task as SUCCESS. dag_id=outcomes_dag, task_id=load_dates_dim, execution_date=20231124T000000, start_date=20231125T045610, end_date=20231125T045612
[2023-11-25T04:56:13.031+0000] {local_task_job_runner.py:228} INFO - Task exited with return code 0
[2023-11-25T04:56:13.046+0000] {taskinstance.py:2778} INFO - 0 downstream tasks scheduled from follow-on schedule check
[2023-11-25T08:45:01.398+0000] {taskinstance.py:1159} INFO - Dependencies all met for dep_context=non-requeueable deps ti=<TaskInstance: outcomes_dag.load_dates_dim scheduled__2023-11-24T00:00:00+00:00 [queued]>
[2023-11-25T08:45:01.403+0000] {taskinstance.py:1159} INFO - Dependencies all met for dep_context=requeueable deps ti=<TaskInstance: outcomes_dag.load_dates_dim scheduled__2023-11-24T00:00:00+00:00 [queued]>
[2023-11-25T08:45:01.403+0000] {taskinstance.py:1361} INFO - Starting attempt 1 of 1
[2023-11-25T08:45:01.411+0000] {taskinstance.py:1382} INFO - Executing <Task(PythonOperator): load_dates_dim> on 2023-11-24 00:00:00+00:00
[2023-11-25T08:45:01.416+0000] {standard_task_runner.py:57} INFO - Started process 91 to run task
[2023-11-25T08:45:01.421+0000] {standard_task_runner.py:84} INFO - Running: ['***', 'tasks', 'run', 'outcomes_dag', 'load_dates_dim', 'scheduled__2023-11-24T00:00:00+00:00', '--job-id', '7', '--raw', '--subdir', 'DAGS_FOLDER/outcomes_dag.py', '--cfg-path', '/tmp/tmp4rs6scjc']
[2023-11-25T08:45:01.424+0000] {standard_task_runner.py:85} INFO - Job 7: Subtask load_dates_dim
[2023-11-25T08:45:01.461+0000] {task_command.py:416} INFO - Running <TaskInstance: outcomes_dag.load_dates_dim scheduled__2023-11-24T00:00:00+00:00 [running]> on host 2386755a61be
[2023-11-25T08:45:01.506+0000] {taskinstance.py:1662} INFO - Exporting env vars: AIRFLOW_CTX_DAG_OWNER='***' AIRFLOW_CTX_DAG_ID='outcomes_dag' AIRFLOW_CTX_TASK_ID='load_dates_dim' AIRFLOW_CTX_EXECUTION_DATE='2023-11-24T00:00:00+00:00' AIRFLOW_CTX_TRY_NUMBER='1' AIRFLOW_CTX_DAG_RUN_ID='scheduled__2023-11-24T00:00:00+00:00'
[2023-11-25T08:45:03.660+0000] {logging_mixin.py:154} INFO - date_dim loaded
[2023-11-25T08:45:03.661+0000] {python.py:194} INFO - Done. Returned value was: None
[2023-11-25T08:45:03.682+0000] {taskinstance.py:1400} INFO - Marking task as SUCCESS. dag_id=outcomes_dag, task_id=load_dates_dim, execution_date=20231124T000000, start_date=20231125T084501, end_date=20231125T084503
[2023-11-25T08:45:03.744+0000] {local_task_job_runner.py:228} INFO - Task exited with return code 0
[2023-11-25T08:47:58.891+0000] {taskinstance.py:1159} INFO - Dependencies all met for dep_context=non-requeueable deps ti=<TaskInstance: outcomes_dag.load_dates_dim scheduled__2023-11-24T00:00:00+00:00 [queued]>
[2023-11-25T08:47:58.896+0000] {taskinstance.py:1159} INFO - Dependencies all met for dep_context=requeueable deps ti=<TaskInstance: outcomes_dag.load_dates_dim scheduled__2023-11-24T00:00:00+00:00 [queued]>
[2023-11-25T08:47:58.896+0000] {taskinstance.py:1361} INFO - Starting attempt 1 of 1
[2023-11-25T08:47:58.903+0000] {taskinstance.py:1382} INFO - Executing <Task(PythonOperator): load_dates_dim> on 2023-11-24 00:00:00+00:00
[2023-11-25T08:47:58.906+0000] {standard_task_runner.py:57} INFO - Started process 84 to run task
[2023-11-25T08:47:58.909+0000] {standard_task_runner.py:84} INFO - Running: ['***', 'tasks', 'run', 'outcomes_dag', 'load_dates_dim', 'scheduled__2023-11-24T00:00:00+00:00', '--job-id', '8', '--raw', '--subdir', 'DAGS_FOLDER/outcomes_dag.py', '--cfg-path', '/tmp/tmpcdhj6dfa']
[2023-11-25T08:47:58.912+0000] {standard_task_runner.py:85} INFO - Job 8: Subtask load_dates_dim
[2023-11-25T08:47:58.958+0000] {task_command.py:416} INFO - Running <TaskInstance: outcomes_dag.load_dates_dim scheduled__2023-11-24T00:00:00+00:00 [running]> on host 032cc147d54c
[2023-11-25T08:47:59.000+0000] {taskinstance.py:1662} INFO - Exporting env vars: AIRFLOW_CTX_DAG_OWNER='***' AIRFLOW_CTX_DAG_ID='outcomes_dag' AIRFLOW_CTX_TASK_ID='load_dates_dim' AIRFLOW_CTX_EXECUTION_DATE='2023-11-24T00:00:00+00:00' AIRFLOW_CTX_TRY_NUMBER='1' AIRFLOW_CTX_DAG_RUN_ID='scheduled__2023-11-24T00:00:00+00:00'
[2023-11-25T08:48:01.909+0000] {logging_mixin.py:154} INFO - date_dim loaded
[2023-11-25T08:48:01.910+0000] {python.py:194} INFO - Done. Returned value was: None
[2023-11-25T08:48:01.918+0000] {taskinstance.py:1400} INFO - Marking task as SUCCESS. dag_id=outcomes_dag, task_id=load_dates_dim, execution_date=20231124T000000, start_date=20231125T084758, end_date=20231125T084801
[2023-11-25T08:48:01.961+0000] {local_task_job_runner.py:228} INFO - Task exited with return code 0
